createdb /home/alphafold_user/carla/temp1.fasta /home/alphafold_user/carla/output/temp1/mmseqsruns/temp1_db 

MMseqs Version:       	14.7e284
Database type         	0
Shuffle input database	true
Createdb mode         	0
Write lookup file     	1
Offset of numeric ids 	0
Compressed            	0
Verbosity             	3

Converting sequences
[
Time for merging to temp1_db_h: 0h 0m 0s 1ms
Time for merging to temp1_db: 0h 0m 0s 0ms
Database type: Aminoacid
Time for processing: 0h 0m 0s 4ms
Create directory /home/alphafold_user/carla/output/temp1/mmseqsruns/tmp
search /home/alphafold_user/carla/output/temp1/mmseqsruns/temp1_db /home/alphafold_user/carla/database_db/uniref_db /home/alphafold_user/carla/output/temp1/mmseqsruns/temp1_re /home/alphafold_user/carla/output/temp1/mmseqsruns/tmp --num-iterations 2 --max-seqs 100 

MMseqs Version:                        	14.7e284
Substitution matrix                    	aa:blosum62.out,nucl:nucleotide.out
Add backtrace                          	true
Alignment mode                         	2
Alignment mode                         	0
Allow wrapped scoring                  	false
E-value threshold                      	0.001
Seq. id. threshold                     	0
Min alignment length                   	0
Seq. id. mode                          	0
Alternative alignments                 	0
Coverage threshold                     	0
Coverage mode                          	0
Max sequence length                    	65535
Compositional bias                     	1
Compositional bias                     	1
Max reject                             	2147483647
Max accept                             	2147483647
Include identical seq. id.             	false
Preload mode                           	0
Pseudo count a                         	substitution:1.100,context:1.400
Pseudo count b                         	substitution:4.100,context:5.800
Score bias                             	0
Realign hits                           	false
Realign score bias                     	-0.2
Realign max seqs                       	2147483647
Correlation score weight               	0
Gap open cost                          	aa:11,nucl:5
Gap extension cost                     	aa:1,nucl:2
Zdrop                                  	40
Threads                                	64
Compressed                             	0
Verbosity                              	3
Seed substitution matrix               	aa:VTML80.out,nucl:nucleotide.out
Sensitivity                            	5.7
k-mer length                           	0
k-score                                	seq:2147483647,prof:2147483647
Alphabet size                          	aa:21,nucl:5
Max results per query                  	100
Split database                         	0
Split mode                             	2
Split memory limit                     	0
Diagonal scoring                       	true
Exact k-mer matching                   	0
Mask residues                          	1
Mask residues probability              	0.9
Mask lower case residues               	0
Minimum diagonal score                 	15
Selected taxa                          	
Spaced k-mers                          	1
Spaced k-mer pattern                   	
Local temporary path                   	
Rescore mode                           	0
Remove hits by seq. id. and coverage   	false
Sort results                           	0
Mask profile                           	1
Profile E-value threshold              	0.1
Global sequence weighting              	false
Allow deletions                        	false
Filter MSA                             	1
Use filter only at N seqs              	0
Maximum seq. id. threshold             	0.9
Minimum seq. id.                       	0.0
Minimum score per column               	-20
Minimum coverage                       	0
Select N most diverse seqs             	1000
Pseudo count mode                      	0
Gap pseudo count                       	10
Min codons in orf                      	30
Max codons in length                   	32734
Max orf gaps                           	2147483647
Contig start mode                      	2
Contig end mode                        	2
Orf start mode                         	1
Forward frames                         	1,2,3
Reverse frames                         	1,2,3
Translation table                      	1
Translate orf                          	0
Use all table starts                   	false
Offset of numeric ids                  	0
Create lookup                          	0
Add orf stop                           	false
Overlap between sequences              	0
Sequence split mode                    	1
Header split mode                      	0
Chain overlapping alignments           	0
Merge query                            	1
Search type                            	0
Search iterations                      	2
Start sensitivity                      	4
Search steps                           	1
Exhaustive search mode                 	false
Filter results during exhaustive search	0
Strand selection                       	1
LCA search mode                        	false
Disk space limit                       	0
MPI runner                             	
Force restart with latest tmp          	false
Remove temporary files                 	false

prefilter /home/alphafold_user/carla/output/temp1/mmseqsruns/temp1_db /home/alphafold_user/carla/database_db/uniref_db /home/alphafold_user/carla/output/temp1/mmseqsruns/tmp/10910119942243594972/pref_0 --sub-mat 'aa:blosum62.out,nucl:nucleotide.out' --seed-sub-mat 'aa:VTML80.out,nucl:nucleotide.out' -s 5.7 -k 0 --k-score seq:2147483647,prof:2147483647 --alph-size aa:21,nucl:5 --max-seq-len 65535 --max-seqs 100 --split 0 --split-mode 2 --split-memory-limit 0 -c 0 --cov-mode 0 --comp-bias-corr 1 --comp-bias-corr-scale 1 --diag-score 1 --exact-kmer-matching 0 --mask 1 --mask-prob 0.9 --mask-lower-case 0 --min-ungapped-score 15 --add-self-matches 0 --spaced-kmer-mode 1 --db-load-mode 0 --pca substitution:1.100,context:1.400 --pcb substitution:4.100,context:5.800 --threads 64 --compressed 0 -v 3 

Query database size: 1 type: Aminoacid
Target split mode. Searching through 2 splits
Estimated memory consumption: 434G
Target database size: 166459614 type: Aminoacid
Process prefiltering step 1 of 2

Index table k-mer threshold: 122 at k-mer size 7 
Index table: counting k-mers
[=================================================================] 83.21M 6m 33s 745ms
Index table: Masked residues: 554484975
Index table: fill
[=================================================================] 83.21M 8m 29s 339ms
Index statistics
Entries:          26453501201
DB size:          161133 MB
Avg k-mer size:   20.666798
Top 10 k-mers
    SGQQRIA	172505
    GPGGKLL	167186
    YTGTGKG	115885
    GGQRVAR	90550
    DFEQLPH	83068
    NVPGWSP	83065
    FRYAFPS	83002
    RYYVLGW	82913
    TVDGDFS	79744
    NKTDFVQ	78972
Time for index table init: 0h 15m 37s 846ms
k-mer similarity threshold: 122
Starting prefiltering scores calculation (step 1 of 2)
Query db start 1 to 1
Target db start 1 to 83209094
[=================================================================] 1 0s 0ms

3510.397490 k-mers per position
14211244 DB matches per sequence
0 overflows
0 queries produce too many hits (truncated result)
78 sequences passed prefiltering per query sequence
78 median result list length
0 sequences with 0 size result lists
Time for merging to pref_0_tmp_0: 0h 0m 0s 0ms
Time for merging to pref_0_tmp_0_tmp: 0h 0m 0s 0ms
Process prefiltering step 2 of 2

Index table k-mer threshold: 122 at k-mer size 7 
Index table: counting k-mers
[=================================================================] 83.25M 6m 33s 267ms
Index table: Masked residues: 554351044
Index table: fill
[=================================================================] 83.25M 8m 55s 814ms
Index statistics
Entries:          26452709815
DB size:          161129 MB
Avg k-mer size:   20.666180
Top 10 k-mers
    SGQQRIA	173179
    GPGGKLL	167786
    YTGTGKG	115058
    GGQRVAR	90336
    DFEQLPH	83055
    NVPGWSP	82996
    FRYAFPS	82925
    RYYVLGW	82889
    TVDGDFS	79812
    NKTDFVQ	78995
Time for index table init: 0h 16m 4s 172ms
k-mer similarity threshold: 122
Starting prefiltering scores calculation (step 2 of 2)
Query db start 1 to 1
Target db start 83209095 to 166459614
[=================================================================] 1 0s 0ms

3510.397490 k-mers per position
14208079 DB matches per sequence
0 overflows
0 queries produce too many hits (truncated result)
78 sequences passed prefiltering per query sequence
78 median result list length
0 sequences with 0 size result lists
Time for merging to pref_0_tmp_1: 0h 0m 0s 0ms
Time for merging to pref_0_tmp_1_tmp: 0h 0m 0s 0ms
Merging 2 target splits to pref_0
Preparing offsets for merging: 0h 0m 0s 0ms
[=================================================================] 1 0s 0ms
Time for merging to pref_0: 0h 0m 0s 1ms
Time for merging target splits: 0h 0m 0s 47ms
Time for merging to pref_0_tmp: 0h 0m 0s 1ms
Time for processing: 0h 32m 17s 437ms
align /home/alphafold_user/carla/output/temp1/mmseqsruns/temp1_db /home/alphafold_user/carla/database_db/uniref_db /home/alphafold_user/carla/output/temp1/mmseqsruns/tmp/10910119942243594972/pref_0 /home/alphafold_user/carla/output/temp1/mmseqsruns/tmp/10910119942243594972/aln_0 --sub-mat 'aa:blosum62.out,nucl:nucleotide.out' -a 1 --alignment-mode 2 --alignment-output-mode 0 --wrapped-scoring 0 -e 0.001 --min-seq-id 0 --min-aln-len 0 --seq-id-mode 0 --alt-ali 0 -c 0 --cov-mode 0 --max-seq-len 65535 --comp-bias-corr 1 --comp-bias-corr-scale 1 --max-rejected 2147483647 --max-accept 2147483647 --add-self-matches 0 --db-load-mode 0 --pca substitution:1.100,context:1.400 --pcb substitution:4.100,context:5.800 --score-bias 0 --realign 1 --realign-score-bias -0.2 --realign-max-seqs 2147483647 --corr-score-weight 0 --gap-open aa:11,nucl:5 --gap-extend aa:1,nucl:2 --zdrop 40 --threads 64 --compressed 0 -v 3 

Compute score only
Query database size: 1 type: Aminoacid
Target database size: 166459614 type: Aminoacid
Calculation of alignments
[=================================================================] 1 0s 1ms
Time for merging to aln_0: 0h 0m 0s 0ms
156 alignments calculated
156 sequence pairs passed the thresholds (1.000000 of overall calculated)
156.000000 hits per query sequence
Time for processing: 0h 0m 6s 644ms
result2profile /home/alphafold_user/carla/output/temp1/mmseqsruns/temp1_db /home/alphafold_user/carla/database_db/uniref_db /home/alphafold_user/carla/output/temp1/mmseqsruns/tmp/10910119942243594972/aln_0 /home/alphafold_user/carla/output/temp1/mmseqsruns/tmp/10910119942243594972/profile_0 --sub-mat 'aa:blosum62.out,nucl:nucleotide.out' -e 0.001 --mask-profile 1 --e-profile 0.1 --comp-bias-corr 1 --comp-bias-corr-scale 1 --wg 0 --allow-deletion 0 --filter-msa 1 --filter-min-enable 0 --max-seq-id 0.9 --qid '0.0' --qsc -20 --cov 0 --diff 1000 --pseudo-cnt-mode 0 --pca substitution:1.100,context:1.400 --pcb substitution:4.100,context:5.800 --db-load-mode 0 --gap-open aa:11,nucl:5 --gap-extend aa:1,nucl:2 --gap-pc 10 --threads 64 --compressed 0 -v 3 

Query database size: 1 type: Aminoacid
Target database size: 166459614 type: Aminoacid
[=================================================================] 1 0s 1ms
Time for merging to profile_0: 0h 0m 0s 0ms
Time for processing: 0h 0m 6s 644ms
prefilter /home/alphafold_user/carla/output/temp1/mmseqsruns/tmp/10910119942243594972/profile_0 /home/alphafold_user/carla/database_db/uniref_db /home/alphafold_user/carla/output/temp1/mmseqsruns/tmp/10910119942243594972/pref_tmp_1 --sub-mat 'aa:blosum62.out,nucl:nucleotide.out' --seed-sub-mat 'aa:VTML80.out,nucl:nucleotide.out' -s 5.7 -k 0 --k-score seq:2147483647,prof:2147483647 --alph-size aa:21,nucl:5 --max-seq-len 65535 --max-seqs 100 --split 0 --split-mode 2 --split-memory-limit 0 -c 0 --cov-mode 0 --comp-bias-corr 1 --comp-bias-corr-scale 1 --diag-score 1 --exact-kmer-matching 0 --mask 1 --mask-prob 0.9 --mask-lower-case 0 --min-ungapped-score 15 --add-self-matches 0 --spaced-kmer-mode 1 --db-load-mode 0 --pca substitution:1.100,context:1.400 --pcb substitution:4.100,context:5.800 --threads 64 --compressed 0 -v 3 

Query database size: 1 type: Profile
Target split mode. Searching through 2 splits
Estimated memory consumption: 434G
Target database size: 166459614 type: Aminoacid
Process prefiltering step 1 of 2

Index table k-mer threshold: 0 at k-mer size 7 
Index table: counting k-mers
[=================================================================] 83.21M 6m 16s 909ms
Index table: Masked residues: 732095311
Index table: fill
[=================================================================] 83.21M 7m 25s 712ms
Index statistics
Entries:          26264524645
DB size:          160052 MB
Avg k-mer size:   20.519160
Top 10 k-mers
    SGQQRIA	172528
    GPGGKLL	167181
    YTGTGKG	115840
    GGQRVAR	90561
    DFEQLPH	83069
    NVPGWSP	83065
    FRYAFPS	83002
    RYYVLGW	82913
    TVDGDFS	79744
    NKTDFVQ	78972
Time for index table init: 0h 14m 15s 540ms
k-mer similarity threshold: 110
Starting prefiltering scores calculation (step 1 of 2)
Query db start 1 to 1
Target db start 1 to 83209094
[=================================================================] 1 0s 0ms

3751.414226 k-mers per position
8094125 DB matches per sequence
0 overflows
0 queries produce too many hits (truncated result)
78 sequences passed prefiltering per query sequence
78 median result list length
0 sequences with 0 size result lists
Time for merging to pref_tmp_1_tmp_0: 0h 0m 0s 0ms
Time for merging to pref_tmp_1_tmp_0_tmp: 0h 0m 0s 0ms
Process prefiltering step 2 of 2

Index table k-mer threshold: 0 at k-mer size 7 
Index table: counting k-mers
[=================================================================] 83.25M 6m 25s 231ms
Index table: Masked residues: 732101510
Index table: fill
[=================================================================] 83.25M 8m 1s 506ms
Index statistics
Entries:          26263597708
DB size:          160047 MB
Avg k-mer size:   20.518436
Top 10 k-mers
    SGQQRIA	173206
    GPGGKLL	167783
    YTGTGKG	115010
    GGQRVAR	90338
    DFEQLPH	83055
    NVPGWSP	82996
    FRYAFPS	82925
    RYYVLGW	82889
    TVDGDFS	79812
    NKTDFVQ	78995
Time for index table init: 0h 14m 59s 598ms
k-mer similarity threshold: 110
Starting prefiltering scores calculation (step 2 of 2)
Query db start 1 to 1
Target db start 83209095 to 166459614
[=================================================================] 1 0s 0ms

3751.414226 k-mers per position
8090271 DB matches per sequence
0 overflows
0 queries produce too many hits (truncated result)
78 sequences passed prefiltering per query sequence
78 median result list length
0 sequences with 0 size result lists
Time for merging to pref_tmp_1_tmp_1: 0h 0m 0s 0ms
Time for merging to pref_tmp_1_tmp_1_tmp: 0h 0m 0s 0ms
Merging 2 target splits to pref_tmp_1
Preparing offsets for merging: 0h 0m 0s 1ms
[=================================================================] 1 0s 0ms
Time for merging to pref_tmp_1: 0h 0m 0s 1ms
Time for merging target splits: 0h 0m 0s 30ms
Time for merging to pref_tmp_1_tmp: 0h 0m 0s 2ms
Time for processing: 0h 29m 46s 415ms
subtractdbs /home/alphafold_user/carla/output/temp1/mmseqsruns/tmp/10910119942243594972/pref_tmp_1 /home/alphafold_user/carla/output/temp1/mmseqsruns/tmp/10910119942243594972/aln_0 /home/alphafold_user/carla/output/temp1/mmseqsruns/tmp/10910119942243594972/pref_1 --threads 64 --e-profile 0.1 -e 0.001 --compressed 0 -v 3 

subtractdbs /home/alphafold_user/carla/output/temp1/mmseqsruns/tmp/10910119942243594972/pref_tmp_1 /home/alphafold_user/carla/output/temp1/mmseqsruns/tmp/10910119942243594972/aln_0 /home/alphafold_user/carla/output/temp1/mmseqsruns/tmp/10910119942243594972/pref_1 --threads 64 --e-profile 0.1 -e 0.001 --compressed 0 -v 3 

Remove /home/alphafold_user/carla/output/temp1/mmseqsruns/tmp/10910119942243594972/aln_0 ids from /home/alphafold_user/carla/output/temp1/mmseqsruns/tmp/10910119942243594972/pref_tmp_1
[=================================================================] 1 0s 3ms
Time for merging to pref_1: 0h 0m 0s 1ms
Time for processing: 0h 0m 0s 125ms
rmdb /home/alphafold_user/carla/output/temp1/mmseqsruns/tmp/10910119942243594972/pref_tmp_1 

Time for processing: 0h 0m 0s 0ms
align /home/alphafold_user/carla/output/temp1/mmseqsruns/tmp/10910119942243594972/profile_0 /home/alphafold_user/carla/database_db/uniref_db /home/alphafold_user/carla/output/temp1/mmseqsruns/tmp/10910119942243594972/pref_1 /home/alphafold_user/carla/output/temp1/mmseqsruns/tmp/10910119942243594972/aln_tmp_1 --sub-mat 'aa:blosum62.out,nucl:nucleotide.out' -a 1 --alignment-mode 2 --alignment-output-mode 0 --wrapped-scoring 0 -e 0.001 --min-seq-id 0 --min-aln-len 0 --seq-id-mode 0 --alt-ali 0 -c 0 --cov-mode 0 --max-seq-len 65535 --comp-bias-corr 1 --comp-bias-corr-scale 1 --max-rejected 2147483647 --max-accept 2147483647 --add-self-matches 0 --db-load-mode 0 --pca substitution:1.100,context:1.400 --pcb substitution:4.100,context:5.800 --score-bias 0 --realign 0 --realign-score-bias -0.2 --realign-max-seqs 2147483647 --corr-score-weight 0 --gap-open aa:11,nucl:5 --gap-extend aa:1,nucl:2 --zdrop 40 --threads 64 --compressed 0 -v 3 

Compute score, coverage and sequence identity
Query database size: 1 type: Profile
Target database size: 166459614 type: Aminoacid
Calculation of alignments
[=================================================================] 1 0s 4ms
Time for merging to aln_tmp_1: 0h 0m 0s 0ms
44 alignments calculated
44 sequence pairs passed the thresholds (1.000000 of overall calculated)
44.000000 hits per query sequence
Time for processing: 0h 0m 8s 601ms
mergedbs /home/alphafold_user/carla/output/temp1/mmseqsruns/tmp/10910119942243594972/profile_0 /home/alphafold_user/carla/output/temp1/mmseqsruns/temp1_re /home/alphafold_user/carla/output/temp1/mmseqsruns/tmp/10910119942243594972/aln_0 /home/alphafold_user/carla/output/temp1/mmseqsruns/tmp/10910119942243594972/aln_tmp_1 

Merging the results to /home/alphafold_user/carla/output/temp1/mmseqsruns/temp1_re
[=================================================================] 1 0s 0ms
Time for merging to temp1_re: 0h 0m 0s 0ms
Time for processing: 0h 0m 0s 1ms
rmdb /home/alphafold_user/carla/output/temp1/mmseqsruns/tmp/10910119942243594972/aln_0 

Time for processing: 0h 0m 0s 0ms
rmdb /home/alphafold_user/carla/output/temp1/mmseqsruns/tmp/10910119942243594972/aln_tmp_1 

Time for processing: 0h 0m 0s 0ms
result2msa /home/alphafold_user/carla/output/temp1/mmseqsruns/temp1_db /home/alphafold_user/carla/database_db/uniref_db /home/alphafold_user/carla/output/temp1/mmseqsruns/temp1_re /home/alphafold_user/carla/output/temp1/msas/bfd_uniref_hits.a3m --msa-format-mode 2 

MMseqs Version:           	14.7e284
Substitution matrix       	aa:blosum62.out,nucl:nucleotide.out
Gap open cost             	aa:11,nucl:5
Gap extension cost        	aa:1,nucl:2
Allow deletions           	false
Compositional bias        	1
Compositional bias        	1
MSA format mode           	2
Summary prefix            	cl
Skip query                	false
Filter MSA                	0
Use filter only at N seqs 	0
Maximum seq. id. threshold	0.9
Minimum seq. id.          	0.0
Minimum score per column  	-20
Minimum coverage          	0
Select N most diverse seqs	1000
Preload mode              	0
Threads                   	64
Compressed                	0
Verbosity                 	3

Query database size: 1 type: Aminoacid
Target database size: 166459614 type: Aminoacid
[=================================================================] 1 0s 2ms
Time for merging to bfd_uniref_hits.a3m: 0h 0m 0s 0ms
Time for processing: 0h 0m 10s 559ms
