createdb /home/alphafold_user/carla/file.fasta 8337/file/mmseqsruns/file_db 

MMseqs Version:       	14.7e284
Database type         	0
Shuffle input database	true
Createdb mode         	0
Write lookup file     	1
Offset of numeric ids 	0
Compressed            	0
Verbosity             	3

Converting sequences
[
Time for merging to file_db_h: 0h 0m 0s 0ms
Time for merging to file_db: 0h 0m 0s 0ms
Database type: Aminoacid
Time for processing: 0h 0m 0s 3ms
touchdb /ibmm_data/alphafold_database/mmseqs_databases/uniref90/uniref_db 

MMseqs Version:	14.7e284
Threads  	64
Verbosity	3

Time for processing: 0h 0m 0s 1ms
search 8337/file/mmseqsruns/file_db /ibmm_data/alphafold_database/mmseqs_databases/uniref90/uniref_db 8337/file/mmseqsruns/file_re tmp_mmseqs -s 1 --db-load-mode 2 

MMseqs Version:                        	14.7e284
Substitution matrix                    	aa:blosum62.out,nucl:nucleotide.out
Add backtrace                          	false
Alignment mode                         	2
Alignment mode                         	0
Allow wrapped scoring                  	false
E-value threshold                      	0.001
Seq. id. threshold                     	0
Min alignment length                   	0
Seq. id. mode                          	0
Alternative alignments                 	0
Coverage threshold                     	0
Coverage mode                          	0
Max sequence length                    	65535
Compositional bias                     	1
Compositional bias                     	1
Max reject                             	2147483647
Max accept                             	2147483647
Include identical seq. id.             	false
Preload mode                           	2
Pseudo count a                         	substitution:1.100,context:1.400
Pseudo count b                         	substitution:4.100,context:5.800
Score bias                             	0
Realign hits                           	false
Realign score bias                     	-0.2
Realign max seqs                       	2147483647
Correlation score weight               	0
Gap open cost                          	aa:11,nucl:5
Gap extension cost                     	aa:1,nucl:2
Zdrop                                  	40
Threads                                	64
Compressed                             	0
Verbosity                              	3
Seed substitution matrix               	aa:VTML80.out,nucl:nucleotide.out
Sensitivity                            	1
k-mer length                           	0
k-score                                	seq:2147483647,prof:2147483647
Alphabet size                          	aa:21,nucl:5
Max results per query                  	300
Split database                         	0
Split mode                             	2
Split memory limit                     	0
Diagonal scoring                       	true
Exact k-mer matching                   	0
Mask residues                          	1
Mask residues probability              	0.9
Mask lower case residues               	0
Minimum diagonal score                 	15
Selected taxa                          	
Spaced k-mers                          	1
Spaced k-mer pattern                   	
Local temporary path                   	
Rescore mode                           	0
Remove hits by seq. id. and coverage   	false
Sort results                           	0
Mask profile                           	1
Profile E-value threshold              	0.1
Global sequence weighting              	false
Allow deletions                        	false
Filter MSA                             	1
Use filter only at N seqs              	0
Maximum seq. id. threshold             	0.9
Minimum seq. id.                       	0.0
Minimum score per column               	-20
Minimum coverage                       	0
Select N most diverse seqs             	1000
Pseudo count mode                      	0
Gap pseudo count                       	10
Min codons in orf                      	30
Max codons in length                   	32734
Max orf gaps                           	2147483647
Contig start mode                      	2
Contig end mode                        	2
Orf start mode                         	1
Forward frames                         	1,2,3
Reverse frames                         	1,2,3
Translation table                      	1
Translate orf                          	0
Use all table starts                   	false
Offset of numeric ids                  	0
Create lookup                          	0
Add orf stop                           	false
Overlap between sequences              	0
Sequence split mode                    	1
Header split mode                      	0
Chain overlapping alignments           	0
Merge query                            	1
Search type                            	0
Search iterations                      	1
Start sensitivity                      	4
Search steps                           	1
Exhaustive search mode                 	false
Filter results during exhaustive search	0
Strand selection                       	1
LCA search mode                        	false
Disk space limit                       	0
MPI runner                             	
Force restart with latest tmp          	false
Remove temporary files                 	false

prefilter 8337/file/mmseqsruns/file_db /ibmm_data/alphafold_database/mmseqs_databases/uniref90/uniref_db.idx tmp_mmseqs/13928664171150603774/pref_0 --sub-mat 'aa:blosum62.out,nucl:nucleotide.out' --seed-sub-mat 'aa:VTML80.out,nucl:nucleotide.out' -k 0 --k-score seq:2147483647,prof:2147483647 --alph-size aa:21,nucl:5 --max-seq-len 65535 --max-seqs 300 --split 0 --split-mode 2 --split-memory-limit 0 -c 0 --cov-mode 0 --comp-bias-corr 1 --comp-bias-corr-scale 1 --diag-score 1 --exact-kmer-matching 0 --mask 1 --mask-prob 0.9 --mask-lower-case 0 --min-ungapped-score 15 --add-self-matches 0 --spaced-kmer-mode 1 --db-load-mode 2 --pca substitution:1.100,context:1.400 --pcb substitution:4.100,context:5.800 --threads 64 --compressed 0 -v 3 -s 1.0 

Index version: 16
Generated by:  f5f780acd64482cd59b46eae0a107f763cd17b4d
ScoreMatrix:  VTML80.out
Query database size: 3 type: Aminoacid
Target split mode. Searching through 2 splits
Estimated memory consumption: 434G
Target database size: 166459614 type: Aminoacid
Process prefiltering step 1 of 2

k-mer similarity threshold: 174
Starting prefiltering scores calculation (step 1 of 2)
Query db start 1 to 3
Target db start 1 to 83209094
[=================================================================] 3 0s 9ms

3.487313 k-mers per position
15789 DB matches per sequence
0 overflows
0 queries produce too many hits (truncated result)
80 sequences passed prefiltering per query sequence
33 median result list length
0 sequences with 0 size result lists
Time for merging to pref_0_tmp_0: 0h 0m 0s 0ms
Time for merging to pref_0_tmp_0_tmp: 0h 0m 0s 0ms
Process prefiltering step 2 of 2

k-mer similarity threshold: 174
Starting prefiltering scores calculation (step 2 of 2)
Query db start 1 to 3
Target db start 83209095 to 166459614
[=================================================================] 3 0s 10ms

3.487313 k-mers per position
15597 DB matches per sequence
0 overflows
0 queries produce too many hits (truncated result)
73 sequences passed prefiltering per query sequence
33 median result list length
0 sequences with 0 size result lists
Time for merging to pref_0_tmp_1: 0h 0m 0s 0ms
Time for merging to pref_0_tmp_1_tmp: 0h 0m 0s 0ms
Merging 2 target splits to pref_0
Preparing offsets for merging: 0h 0m 0s 0ms
[=================================================================] 3 0s 0ms
Time for merging to pref_0: 0h 0m 0s 1ms
Time for merging target splits: 0h 0m 0s 71ms
Time for merging to pref_0_tmp: 0h 0m 0s 1ms
Time for processing: 0h 1m 46s 649ms
align 8337/file/mmseqsruns/file_db /ibmm_data/alphafold_database/mmseqs_databases/uniref90/uniref_db.idx tmp_mmseqs/13928664171150603774/pref_0 8337/file/mmseqsruns/file_re --sub-mat 'aa:blosum62.out,nucl:nucleotide.out' -a 0 --alignment-mode 2 --alignment-output-mode 0 --wrapped-scoring 0 -e 0.001 --min-seq-id 0 --min-aln-len 0 --seq-id-mode 0 --alt-ali 0 -c 0 --cov-mode 0 --max-seq-len 65535 --comp-bias-corr 1 --comp-bias-corr-scale 1 --max-rejected 2147483647 --max-accept 2147483647 --add-self-matches 0 --db-load-mode 2 --pca substitution:1.100,context:1.400 --pcb substitution:4.100,context:5.800 --score-bias 0 --realign 0 --realign-score-bias -0.2 --realign-max-seqs 2147483647 --corr-score-weight 0 --gap-open aa:11,nucl:5 --gap-extend aa:1,nucl:2 --zdrop 40 --threads 64 --compressed 0 -v 3 

Index version: 16
Generated by:  f5f780acd64482cd59b46eae0a107f763cd17b4d
ScoreMatrix:  VTML80.out
Compute score and coverage
Query database size: 3 type: Aminoacid
Target database size: 166459614 type: Aminoacid
Calculation of alignments
[=================================================================] 3 0s 25ms
Time for merging to file_re: 0h 0m 0s 0ms
460 alignments calculated
41 sequence pairs passed the thresholds (0.089130 of overall calculated)
13.666667 hits per query sequence
Time for processing: 0h 0m 0s 34ms
result2msa 8337/file/mmseqsruns/file_db /ibmm_data/alphafold_database/mmseqs_databases/uniref90/uniref_db 8337/file/mmseqsruns/file_re 8337/file/mmseqsruns/uniref_output --msa-format-mode 2 

MMseqs Version:           	14.7e284
Substitution matrix       	aa:blosum62.out,nucl:nucleotide.out
Gap open cost             	aa:11,nucl:5
Gap extension cost        	aa:1,nucl:2
Allow deletions           	false
Compositional bias        	1
Compositional bias        	1
MSA format mode           	2
Summary prefix            	cl
Skip query                	false
Filter MSA                	0
Use filter only at N seqs 	0
Maximum seq. id. threshold	0.9
Minimum seq. id.          	0.0
Minimum score per column  	-20
Minimum coverage          	0
Select N most diverse seqs	1000
Preload mode              	0
Threads                   	64
Compressed                	0
Verbosity                 	3

Query database size: 3 type: Aminoacid
Target database size: 166459614 type: Aminoacid
[=================================================================] 3 0s 9ms
Time for merging to uniref_output: 0h 0m 0s 0ms
Time for processing: 0h 0m 11s 296ms
touchdb /ibmm_data/alphafold_database/mmseqs_databases/mgnify/mgnify_db 

MMseqs Version:	14.7e284
Threads  	64
Verbosity	3

Time for processing: 0h 0m 0s 0ms
search 8337/file/mmseqsruns/file_db /ibmm_data/alphafold_database/mmseqs_databases/mgnify/mgnify_db 8337/file/mmseqsruns/file_re2 tmp_mmseqs -s 1 --db-load-mode 2 

MMseqs Version:                        	14.7e284
Substitution matrix                    	aa:blosum62.out,nucl:nucleotide.out
Add backtrace                          	false
Alignment mode                         	2
Alignment mode                         	0
Allow wrapped scoring                  	false
E-value threshold                      	0.001
Seq. id. threshold                     	0
Min alignment length                   	0
Seq. id. mode                          	0
Alternative alignments                 	0
Coverage threshold                     	0
Coverage mode                          	0
Max sequence length                    	65535
Compositional bias                     	1
Compositional bias                     	1
Max reject                             	2147483647
Max accept                             	2147483647
Include identical seq. id.             	false
Preload mode                           	2
Pseudo count a                         	substitution:1.100,context:1.400
Pseudo count b                         	substitution:4.100,context:5.800
Score bias                             	0
Realign hits                           	false
Realign score bias                     	-0.2
Realign max seqs                       	2147483647
Correlation score weight               	0
Gap open cost                          	aa:11,nucl:5
Gap extension cost                     	aa:1,nucl:2
Zdrop                                  	40
Threads                                	64
Compressed                             	0
Verbosity                              	3
Seed substitution matrix               	aa:VTML80.out,nucl:nucleotide.out
Sensitivity                            	1
k-mer length                           	0
k-score                                	seq:2147483647,prof:2147483647
Alphabet size                          	aa:21,nucl:5
Max results per query                  	300
Split database                         	0
Split mode                             	2
Split memory limit                     	0
Diagonal scoring                       	true
Exact k-mer matching                   	0
Mask residues                          	1
Mask residues probability              	0.9
Mask lower case residues               	0
Minimum diagonal score                 	15
Selected taxa                          	
Spaced k-mers                          	1
Spaced k-mer pattern                   	
Local temporary path                   	
Rescore mode                           	0
Remove hits by seq. id. and coverage   	false
Sort results                           	0
Mask profile                           	1
Profile E-value threshold              	0.1
Global sequence weighting              	false
Allow deletions                        	false
Filter MSA                             	1
Use filter only at N seqs              	0
Maximum seq. id. threshold             	0.9
Minimum seq. id.                       	0.0
Minimum score per column               	-20
Minimum coverage                       	0
Select N most diverse seqs             	1000
Pseudo count mode                      	0
Gap pseudo count                       	10
Min codons in orf                      	30
Max codons in length                   	32734
Max orf gaps                           	2147483647
Contig start mode                      	2
Contig end mode                        	2
Orf start mode                         	1
Forward frames                         	1,2,3
Reverse frames                         	1,2,3
Translation table                      	1
Translate orf                          	0
Use all table starts                   	false
Offset of numeric ids                  	0
Create lookup                          	0
Add orf stop                           	false
Overlap between sequences              	0
Sequence split mode                    	1
Header split mode                      	0
Chain overlapping alignments           	0
Merge query                            	1
Search type                            	0
Search iterations                      	1
Start sensitivity                      	4
Search steps                           	1
Exhaustive search mode                 	false
Filter results during exhaustive search	0
Strand selection                       	1
LCA search mode                        	false
Disk space limit                       	0
MPI runner                             	
Force restart with latest tmp          	false
Remove temporary files                 	false

prefilter 8337/file/mmseqsruns/file_db /ibmm_data/alphafold_database/mmseqs_databases/mgnify/mgnify_db.idx tmp_mmseqs/13510334002273324503/pref_0 --sub-mat 'aa:blosum62.out,nucl:nucleotide.out' --seed-sub-mat 'aa:VTML80.out,nucl:nucleotide.out' -k 0 --k-score seq:2147483647,prof:2147483647 --alph-size aa:21,nucl:5 --max-seq-len 65535 --max-seqs 300 --split 0 --split-mode 2 --split-memory-limit 0 -c 0 --cov-mode 0 --comp-bias-corr 1 --comp-bias-corr-scale 1 --diag-score 1 --exact-kmer-matching 0 --mask 1 --mask-prob 0.9 --mask-lower-case 0 --min-ungapped-score 15 --add-self-matches 0 --spaced-kmer-mode 1 --db-load-mode 2 --pca substitution:1.100,context:1.400 --pcb substitution:4.100,context:5.800 --threads 64 --compressed 0 -v 3 -s 1.0 

Index version: 16
Generated by:  14.7e284
ScoreMatrix:  VTML80.out
Query database size: 3 type: Aminoacid
Target split mode. Searching through 4 splits
Estimated memory consumption: 662G
Target database size: 623796864 type: Aminoacid
Process prefiltering step 1 of 4

k-mer similarity threshold: 174
Starting prefiltering scores calculation (step 1 of 4)
Query db start 1 to 3
Target db start 1 to 155948503
[=================================================================] 3 0s 12ms

3.487313 k-mers per position
14962 DB matches per sequence
0 overflows
0 queries produce too many hits (truncated result)
48 sequences passed prefiltering per query sequence
23 median result list length
0 sequences with 0 size result lists
Time for merging to pref_0_tmp_0: 0h 0m 0s 0ms
Time for merging to pref_0_tmp_0_tmp: 0h 0m 0s 0ms
Process prefiltering step 2 of 4

k-mer similarity threshold: 174
Starting prefiltering scores calculation (step 2 of 4)
Query db start 1 to 3
Target db start 155948504 to 311898825
[=================================================================] 3 0s 12ms

3.487313 k-mers per position
14858 DB matches per sequence
0 overflows
0 queries produce too many hits (truncated result)
50 sequences passed prefiltering per query sequence
32 median result list length
0 sequences with 0 size result lists
Time for merging to pref_0_tmp_1: 0h 0m 0s 0ms
Time for merging to pref_0_tmp_1_tmp: 0h 0m 0s 0ms
Process prefiltering step 3 of 4

k-mer similarity threshold: 174
Starting prefiltering scores calculation (step 3 of 4)
Query db start 1 to 3
Target db start 311898826 to 467848962
[=================================================================] 3 0s 13ms

3.487313 k-mers per position
14935 DB matches per sequence
0 overflows
0 queries produce too many hits (truncated result)
50 sequences passed prefiltering per query sequence
33 median result list length
0 sequences with 0 size result lists
Time for merging to pref_0_tmp_2: 0h 0m 0s 0ms
Time for merging to pref_0_tmp_2_tmp: 0h 0m 0s 0ms
Process prefiltering step 4 of 4

k-mer similarity threshold: 174
Starting prefiltering scores calculation (step 4 of 4)
Query db start 1 to 3
Target db start 467848963 to 623796864
[=================================================================] 3 0s 10ms

3.487313 k-mers per position
14945 DB matches per sequence
0 overflows
0 queries produce too many hits (truncated result)
47 sequences passed prefiltering per query sequence
27 median result list length
0 sequences with 0 size result lists
Time for merging to pref_0_tmp_3: 0h 0m 0s 0ms
Time for merging to pref_0_tmp_3_tmp: 0h 0m 0s 0ms
Merging 4 target splits to pref_0
Preparing offsets for merging: 0h 0m 0s 0ms
[=================================================================] 3 0s 0ms
Time for merging to pref_0: 0h 0m 0s 1ms
Time for merging target splits: 0h 0m 0s 26ms
Time for merging to pref_0_tmp: 0h 0m 0s 1ms
Time for processing: 0h 4m 39s 697ms
align 8337/file/mmseqsruns/file_db /ibmm_data/alphafold_database/mmseqs_databases/mgnify/mgnify_db.idx tmp_mmseqs/13510334002273324503/pref_0 8337/file/mmseqsruns/file_re2 --sub-mat 'aa:blosum62.out,nucl:nucleotide.out' -a 0 --alignment-mode 2 --alignment-output-mode 0 --wrapped-scoring 0 -e 0.001 --min-seq-id 0 --min-aln-len 0 --seq-id-mode 0 --alt-ali 0 -c 0 --cov-mode 0 --max-seq-len 65535 --comp-bias-corr 1 --comp-bias-corr-scale 1 --max-rejected 2147483647 --max-accept 2147483647 --add-self-matches 0 --db-load-mode 2 --pca substitution:1.100,context:1.400 --pcb substitution:4.100,context:5.800 --score-bias 0 --realign 0 --realign-score-bias -0.2 --realign-max-seqs 2147483647 --corr-score-weight 0 --gap-open aa:11,nucl:5 --gap-extend aa:1,nucl:2 --zdrop 40 --threads 64 --compressed 0 -v 3 

Index version: 16
Generated by:  14.7e284
ScoreMatrix:  VTML80.out
Compute score and coverage
Query database size: 3 type: Aminoacid
Target database size: 623796864 type: Aminoacid
Calculation of alignments
[=================================================================] 3 0s 22ms
Time for merging to file_re2: 0h 0m 0s 0ms
588 alignments calculated
1 sequence pairs passed the thresholds (0.001701 of overall calculated)
0.333333 hits per query sequence
Time for processing: 0h 0m 0s 38ms
result2msa 8337/file/mmseqsruns/file_db /ibmm_data/alphafold_database/mmseqs_databases/mgnify/mgnify_db 8337/file/mmseqsruns/file_re2 8337/file/mmseqsruns/mgnify_output --msa-format-mode 2 

MMseqs Version:           	14.7e284
Substitution matrix       	aa:blosum62.out,nucl:nucleotide.out
Gap open cost             	aa:11,nucl:5
Gap extension cost        	aa:1,nucl:2
Allow deletions           	false
Compositional bias        	1
Compositional bias        	1
MSA format mode           	2
Summary prefix            	cl
Skip query                	false
Filter MSA                	0
Use filter only at N seqs 	0
Maximum seq. id. threshold	0.9
Minimum seq. id.          	0.0
Minimum score per column  	-20
Minimum coverage          	0
Select N most diverse seqs	1000
Preload mode              	0
Threads                   	64
Compressed                	0
Verbosity                 	3

Query database size: 3 type: Aminoacid
Target database size: 623796864 type: Aminoacid
[=================================================================] 3 0s 3ms
Time for merging to mgnify_output: 0h 0m 0s 0ms
Time for processing: 0h 0m 51s 903ms
touchdb /ibmm_data/alphafold_database/mmseqs_databases/uniprot/uniprot_db 

MMseqs Version:	14.7e284
Threads  	64
Verbosity	3

Time for processing: 0h 0m 0s 1ms
search 8337/file/mmseqsruns/file_db /ibmm_data/alphafold_database/mmseqs_databases/uniprot/uniprot_db 8337/file/mmseqsruns/file_re4 -s 1 tmp_mmseqs --db-load-mode 2 

MMseqs Version:                        	14.7e284
Substitution matrix                    	aa:blosum62.out,nucl:nucleotide.out
Add backtrace                          	false
Alignment mode                         	2
Alignment mode                         	0
Allow wrapped scoring                  	false
E-value threshold                      	0.001
Seq. id. threshold                     	0
Min alignment length                   	0
Seq. id. mode                          	0
Alternative alignments                 	0
Coverage threshold                     	0
Coverage mode                          	0
Max sequence length                    	65535
Compositional bias                     	1
Compositional bias                     	1
Max reject                             	2147483647
Max accept                             	2147483647
Include identical seq. id.             	false
Preload mode                           	2
Pseudo count a                         	substitution:1.100,context:1.400
Pseudo count b                         	substitution:4.100,context:5.800
Score bias                             	0
Realign hits                           	false
Realign score bias                     	-0.2
Realign max seqs                       	2147483647
Correlation score weight               	0
Gap open cost                          	aa:11,nucl:5
Gap extension cost                     	aa:1,nucl:2
Zdrop                                  	40
Threads                                	64
Compressed                             	0
Verbosity                              	3
Seed substitution matrix               	aa:VTML80.out,nucl:nucleotide.out
Sensitivity                            	1
k-mer length                           	0
k-score                                	seq:2147483647,prof:2147483647
Alphabet size                          	aa:21,nucl:5
Max results per query                  	300
Split database                         	0
Split mode                             	2
Split memory limit                     	0
Diagonal scoring                       	true
Exact k-mer matching                   	0
Mask residues                          	1
Mask residues probability              	0.9
Mask lower case residues               	0
Minimum diagonal score                 	15
Selected taxa                          	
Spaced k-mers                          	1
Spaced k-mer pattern                   	
Local temporary path                   	
Rescore mode                           	0
Remove hits by seq. id. and coverage   	false
Sort results                           	0
Mask profile                           	1
Profile E-value threshold              	0.1
Global sequence weighting              	false
Allow deletions                        	false
Filter MSA                             	1
Use filter only at N seqs              	0
Maximum seq. id. threshold             	0.9
Minimum seq. id.                       	0.0
Minimum score per column               	-20
Minimum coverage                       	0
Select N most diverse seqs             	1000
Pseudo count mode                      	0
Gap pseudo count                       	10
Min codons in orf                      	30
Max codons in length                   	32734
Max orf gaps                           	2147483647
Contig start mode                      	2
Contig end mode                        	2
Orf start mode                         	1
Forward frames                         	1,2,3
Reverse frames                         	1,2,3
Translation table                      	1
Translate orf                          	0
Use all table starts                   	false
Offset of numeric ids                  	0
Create lookup                          	0
Add orf stop                           	false
Overlap between sequences              	0
Sequence split mode                    	1
Header split mode                      	0
Chain overlapping alignments           	0
Merge query                            	1
Search type                            	0
Search iterations                      	1
Start sensitivity                      	4
Search steps                           	1
Exhaustive search mode                 	false
Filter results during exhaustive search	0
Strand selection                       	1
LCA search mode                        	false
Disk space limit                       	0
MPI runner                             	
Force restart with latest tmp          	false
Remove temporary files                 	false

prefilter 8337/file/mmseqsruns/file_db /ibmm_data/alphafold_database/mmseqs_databases/uniprot/uniprot_db.idx tmp_mmseqs/2399473292350217775/pref_0 --sub-mat 'aa:blosum62.out,nucl:nucleotide.out' --seed-sub-mat 'aa:VTML80.out,nucl:nucleotide.out' -k 0 --k-score seq:2147483647,prof:2147483647 --alph-size aa:21,nucl:5 --max-seq-len 65535 --max-seqs 300 --split 0 --split-mode 2 --split-memory-limit 0 -c 0 --cov-mode 0 --comp-bias-corr 1 --comp-bias-corr-scale 1 --diag-score 1 --exact-kmer-matching 0 --mask 1 --mask-prob 0.9 --mask-lower-case 0 --min-ungapped-score 15 --add-self-matches 0 --spaced-kmer-mode 1 --db-load-mode 2 --pca substitution:1.100,context:1.400 --pcb substitution:4.100,context:5.800 --threads 64 --compressed 0 -v 3 -s 1.0 

Index version: 16
Generated by:  14.7e284
ScoreMatrix:  VTML80.out
Query database size: 3 type: Aminoacid
Target split mode. Searching through 2 splits
Estimated memory consumption: 646G
Target database size: 246440937 type: Aminoacid
Process prefiltering step 1 of 2

k-mer similarity threshold: 174
Starting prefiltering scores calculation (step 1 of 2)
Query db start 1 to 3
Target db start 1 to 123217630
[=================================================================] 3 4s 267ms

3.487313 k-mers per position
24070 DB matches per sequence
0 overflows
0 queries produce too many hits (truncated result)
85 sequences passed prefiltering per query sequence
41 median result list length
0 sequences with 0 size result lists
Time for merging to pref_0_tmp_0: 0h 0m 0s 0ms
Time for merging to pref_0_tmp_0_tmp: 0h 0m 0s 0ms
Process prefiltering step 2 of 2

k-mer similarity threshold: 174
Starting prefiltering scores calculation (step 2 of 2)
Query db start 1 to 3
Target db start 123217631 to 246440937
[=================================================================] 3 2s 565ms

3.487313 k-mers per position
24003 DB matches per sequence
0 overflows
0 queries produce too many hits (truncated result)
92 sequences passed prefiltering per query sequence
62 median result list length
0 sequences with 0 size result lists
Time for merging to pref_0_tmp_1: 0h 0m 0s 0ms
Time for merging to pref_0_tmp_1_tmp: 0h 0m 0s 0ms
Merging 2 target splits to pref_0
Preparing offsets for merging: 0h 0m 0s 0ms
[=================================================================] 3 0s 0ms
Time for merging to pref_0: 0h 0m 0s 1ms
Time for merging target splits: 0h 0m 0s 6ms
Time for merging to pref_0_tmp: 0h 0m 0s 1ms
Time for processing: 0h 1m 45s 340ms
align 8337/file/mmseqsruns/file_db /ibmm_data/alphafold_database/mmseqs_databases/uniprot/uniprot_db.idx tmp_mmseqs/2399473292350217775/pref_0 8337/file/mmseqsruns/file_re4 --sub-mat 'aa:blosum62.out,nucl:nucleotide.out' -a 0 --alignment-mode 2 --alignment-output-mode 0 --wrapped-scoring 0 -e 0.001 --min-seq-id 0 --min-aln-len 0 --seq-id-mode 0 --alt-ali 0 -c 0 --cov-mode 0 --max-seq-len 65535 --comp-bias-corr 1 --comp-bias-corr-scale 1 --max-rejected 2147483647 --max-accept 2147483647 --add-self-matches 0 --db-load-mode 2 --pca substitution:1.100,context:1.400 --pcb substitution:4.100,context:5.800 --score-bias 0 --realign 0 --realign-score-bias -0.2 --realign-max-seqs 2147483647 --corr-score-weight 0 --gap-open aa:11,nucl:5 --gap-extend aa:1,nucl:2 --zdrop 40 --threads 64 --compressed 0 -v 3 

Index version: 16
Generated by:  14.7e284
ScoreMatrix:  VTML80.out
Compute score and coverage
Query database size: 3 type: Aminoacid
Target database size: 246440937 type: Aminoacid
Calculation of alignments
[=================================================================] 3 3s 35ms
Time for merging to file_re4: 0h 0m 0s 0ms
534 alignments calculated
79 sequence pairs passed the thresholds (0.147940 of overall calculated)
26.333334 hits per query sequence
Time for processing: 0h 0m 3s 943ms
result2msa 8337/file/mmseqsruns/file_db /ibmm_data/alphafold_database/mmseqs_databases/uniprot/uniprot_db 8337/file/mmseqsruns/file_re4 8337/file/mmseqsruns/uniprot_output --msa-format-mode 2 

MMseqs Version:           	14.7e284
Substitution matrix       	aa:blosum62.out,nucl:nucleotide.out
Gap open cost             	aa:11,nucl:5
Gap extension cost        	aa:1,nucl:2
Allow deletions           	false
Compositional bias        	1
Compositional bias        	1
MSA format mode           	2
Summary prefix            	cl
Skip query                	false
Filter MSA                	0
Use filter only at N seqs 	0
Maximum seq. id. threshold	0.9
Minimum seq. id.          	0.0
Minimum score per column  	-20
Minimum coverage          	0
Select N most diverse seqs	1000
Preload mode              	0
Threads                   	64
Compressed                	0
Verbosity                 	3

Query database size: 3 type: Aminoacid
Target database size: 246440937 type: Aminoacid
[=================================================================] 3 0s 14ms
Time for merging to uniprot_output: 0h 0m 0s 0ms
Time for processing: 0h 4m 30s 628ms
Kap6
1850
2190
Submitted batch job 8342
